<?xml version="1.0" encoding="UTF-8"?>
<!-- Generated by org.testng.reporters.JUnitReportReporter -->
<testsuite skipped="0" hostname="TUTUCOMP2" name="com.crm.qa.testcases.LoginPageTest" tests="3" failures="0" timestamp="23 Nov 2018 11:16:56 GMT" time="55.996" errors="0">
  <testcase name="loginPageTitleTest" time="17.862" classname="com.crm.qa.testcases.LoginPageTest"/>
  <testcase name="crmLogoImageTest" time="12.658" classname="com.crm.qa.testcases.LoginPageTest"/>
  <testcase name="loginTest" time="25.476" classname="com.crm.qa.testcases.LoginPageTest"/>
</testsuite> <!-- com.crm.qa.testcases.LoginPageTest -->
