<?xml version="1.0" encoding="UTF-8"?>
<!-- Generated by org.testng.reporters.JUnitReportReporter -->
<testsuite skipped="0" hostname="TUTUCOMP2" name="com.crm.qa.testcases.ContactsPageTest" tests="6" failures="0" timestamp="23 Nov 2018 11:16:56 GMT" time="148.109" errors="0">
  <testcase name="verifyContactsPageLabel" time="19.486" classname="com.crm.qa.testcases.ContactsPageTest"/>
  <testcase name="selectSingleContactsTest" time="24.896" classname="com.crm.qa.testcases.ContactsPageTest"/>
  <testcase name="selectMultipleContacts" time="20.165" classname="com.crm.qa.testcases.ContactsPageTest"/>
  <testcase name="validateCreateNewContact" time="28.562" classname="com.crm.qa.testcases.ContactsPageTest"/>
  <testcase name="validateCreateNewContact" time="26.305" classname="com.crm.qa.testcases.ContactsPageTest"/>
  <testcase name="validateCreateNewContact" time="28.695" classname="com.crm.qa.testcases.ContactsPageTest"/>
</testsuite> <!-- com.crm.qa.testcases.ContactsPageTest -->
