<?xml version="1.0" encoding="UTF-8"?>
<!-- Generated by org.testng.reporters.JUnitReportReporter -->
<testsuite skipped="0" hostname="TUTUCOMP2" name="com.crm.qa.testcases.HomePageTest" tests="3" failures="0" timestamp="23 Nov 2018 11:16:56 GMT" time="62.275" errors="0">
  <testcase name="verifyHomePageTitleTest" time="19.180" classname="com.crm.qa.testcases.HomePageTest"/>
  <testcase name="verifyUserNameTest" time="22.777" classname="com.crm.qa.testcases.HomePageTest"/>
  <testcase name="verifyContactsLinkTest" time="20.318" classname="com.crm.qa.testcases.HomePageTest"/>
</testsuite> <!-- com.crm.qa.testcases.HomePageTest -->
