<?xml version="1.0" encoding="UTF-8"?>
<!-- Generated by org.testng.reporters.JUnitReportReporter -->
<testsuite skipped="0" hostname="TUTUCOMP2" name="com.crm.qa.testcases.HomePageTest" tests="1" failures="0" timestamp="23 Nov 2018 11:37:49 GMT" time="17.454" errors="0">
  <testcase name="verifyHomePageTitleTest" time="17.454" classname="com.crm.qa.testcases.HomePageTest"/>
</testsuite> <!-- com.crm.qa.testcases.HomePageTest -->
